<?xml version="1.0" encoding="UTF-8"?>
<!-- Generated by org.testng.reporters.JUnitXMLReporter -->
<testsuite hostname="DESKTOP-RO5AP5V" ignored="0" name="Test" tests="3" failures="1" timestamp="12 Oct 2020 17:32:16 GMT" time="98.089" errors="0">
  <testcase name="login1" time="9.666" classname="com.myproject.testcases.LoginPageTest"/>
  <testcase name="invalidlogin" time="0.433" classname="com.myproject.testcases.LoginPageTest">
    <failure type="java.lang.AssertionError" message="expected [Hello naresh, let&amp;apos;s complete the test form:] but found []">
      <![CDATA[java.lang.AssertionError: expected [Hello naresh, let's complete the test form:] but found []
	at com.myproject.testcases.LoginPageTest.invalidlogin(LoginPageTest.java:38)
... Removed 35 stack frames]]>
    </failure>
  </testcase> <!-- invalidlogin -->
  <testcase name="verifyhomepage" time="1.796" classname="com.myproject.testcases.HomePageTest"/>
</testsuite> <!-- Test -->
