<?xml version="1.0" encoding="UTF-8"?>
<testng-results skipped="0" failed="1" ignored="0" total="3" passed="2">
  <reporter-output>
  </reporter-output>
  <suite name="Suite" duration-ms="82516" started-at="2020-10-12T12:08:08Z" finished-at="2020-10-12T12:09:31Z">
    <groups>
      <group name="Regression">
        <method signature="HomePageTest.verifyhomepage()[pri:3, instance:com.myproject.testcases.HomePageTest@1bce4f0a]" name="verifyhomepage" class="com.myproject.testcases.HomePageTest"/>
      </group> <!-- Regression -->
      <group name="sanity">
        <method signature="HomePageTest.verifyhomepage()[pri:3, instance:com.myproject.testcases.HomePageTest@1bce4f0a]" name="verifyhomepage" class="com.myproject.testcases.HomePageTest"/>
        <method signature="LoginPageTest.login1()[pri:1, instance:com.myproject.testcases.LoginPageTest@3bfdc050]" name="login1" class="com.myproject.testcases.LoginPageTest"/>
      </group> <!-- sanity -->
    </groups>
    <test name="Test" duration-ms="82516" started-at="2020-10-12T12:08:08Z" finished-at="2020-10-12T12:09:31Z">
      <class name="com.myproject.testcases.LoginPageTest">
        <test-method status="PASS" signature="setup(java.lang.String)[pri:0, instance:com.myproject.testcases.LoginPageTest@3bfdc050]" name="setup" is-config="true" duration-ms="33093" started-at="2020-10-12T17:38:08Z" finished-at="2020-10-12T17:38:41Z">
          <params>
            <param index="0">
              <value>
                <![CDATA[Chrome]]>
              </value>
            </param>
          </params>
          <reporter-output>
          </reporter-output>
        </test-method> <!-- setup -->
        <test-method status="PASS" signature="login1()[pri:1, instance:com.myproject.testcases.LoginPageTest@3bfdc050]" name="login1" duration-ms="3225" started-at="2020-10-12T17:38:41Z" finished-at="2020-10-12T17:38:44Z">
          <reporter-output>
          </reporter-output>
        </test-method> <!-- login1 -->
        <test-method status="PASS" signature="teardown()[pri:0, instance:com.myproject.testcases.LoginPageTest@3bfdc050]" name="teardown" is-config="true" duration-ms="16462" started-at="2020-10-12T17:38:44Z" finished-at="2020-10-12T17:39:01Z">
          <reporter-output>
          </reporter-output>
        </test-method> <!-- teardown -->
        <test-method status="PASS" signature="setup(java.lang.String)[pri:0, instance:com.myproject.testcases.LoginPageTest@3bfdc050]" name="setup" is-config="true" duration-ms="9554" started-at="2020-10-12T17:39:01Z" finished-at="2020-10-12T17:39:10Z">
          <params>
            <param index="0">
              <value>
                <![CDATA[Chrome]]>
              </value>
            </param>
          </params>
          <reporter-output>
          </reporter-output>
        </test-method> <!-- setup -->
        <test-method status="FAIL" signature="invalidlogin()[pri:2, instance:com.myproject.testcases.LoginPageTest@3bfdc050]" name="invalidlogin" duration-ms="450" started-at="2020-10-12T17:39:10Z" finished-at="2020-10-12T17:39:11Z">
          <exception class="java.lang.AssertionError">
            <message>
              <![CDATA[expected [Hello naresh, let's complete the test form:] but found []]]>
            </message>
            <full-stacktrace>
              <![CDATA[java.lang.AssertionError: expected [Hello naresh, let's complete the test form:] but found []
	at org.testng.Assert.fail(Assert.java:94)
	at org.testng.Assert.failNotEquals(Assert.java:513)
	at org.testng.Assert.assertEqualsImpl(Assert.java:135)
	at org.testng.Assert.assertEquals(Assert.java:116)
	at org.testng.Assert.assertEquals(Assert.java:190)
	at org.testng.Assert.assertEquals(Assert.java:200)
	at com.myproject.testcases.LoginPageTest.invalidlogin(LoginPageTest.java:38)
	at sun.reflect.NativeMethodAccessorImpl.invoke0(Native Method)
	at sun.reflect.NativeMethodAccessorImpl.invoke(NativeMethodAccessorImpl.java:62)
	at sun.reflect.DelegatingMethodAccessorImpl.invoke(DelegatingMethodAccessorImpl.java:43)
	at java.lang.reflect.Method.invoke(Method.java:498)
	at org.testng.internal.MethodInvocationHelper.invokeMethod(MethodInvocationHelper.java:104)
	at org.testng.internal.Invoker.invokeMethod(Invoker.java:645)
	at org.testng.internal.Invoker.invokeTestMethod(Invoker.java:851)
	at org.testng.internal.Invoker.invokeTestMethods(Invoker.java:1177)
	at org.testng.internal.TestMethodWorker.invokeTestMethods(TestMethodWorker.java:129)
	at org.testng.internal.TestMethodWorker.run(TestMethodWorker.java:112)
	at org.testng.TestRunner.privateRun(TestRunner.java:756)
	at org.testng.TestRunner.run(TestRunner.java:610)
	at org.testng.SuiteRunner.runTest(SuiteRunner.java:387)
	at org.testng.SuiteRunner.runSequentially(SuiteRunner.java:382)
	at org.testng.SuiteRunner.privateRun(SuiteRunner.java:340)
	at org.testng.SuiteRunner.run(SuiteRunner.java:289)
	at org.testng.SuiteRunnerWorker.runSuite(SuiteRunnerWorker.java:52)
	at org.testng.SuiteRunnerWorker.run(SuiteRunnerWorker.java:86)
	at org.testng.TestNG.runSuitesSequentially(TestNG.java:1293)
	at org.testng.TestNG.runSuitesLocally(TestNG.java:1218)
	at org.testng.TestNG.runSuites(TestNG.java:1133)
	at org.testng.TestNG.run(TestNG.java:1104)
	at org.testng.remote.AbstractRemoteTestNG.run(AbstractRemoteTestNG.java:132)
	at org.testng.remote.RemoteTestNG.initAndRun(RemoteTestNG.java:236)
	at org.testng.remote.RemoteTestNG.main(RemoteTestNG.java:81)
]]>
            </full-stacktrace>
          </exception> <!-- java.lang.AssertionError -->
          <reporter-output>
          </reporter-output>
        </test-method> <!-- invalidlogin -->
        <test-method status="PASS" signature="teardown()[pri:0, instance:com.myproject.testcases.LoginPageTest@3bfdc050]" name="teardown" is-config="true" duration-ms="7754" started-at="2020-10-12T17:39:11Z" finished-at="2020-10-12T17:39:19Z">
          <reporter-output>
          </reporter-output>
        </test-method> <!-- teardown -->
      </class> <!-- com.myproject.testcases.LoginPageTest -->
      <class name="com.myproject.testcases.HomePageTest">
        <test-method status="PASS" signature="setup(java.lang.String)[pri:0, instance:com.myproject.testcases.HomePageTest@1bce4f0a]" name="setup" is-config="true" duration-ms="9153" started-at="2020-10-12T17:39:19Z" finished-at="2020-10-12T17:39:28Z">
          <params>
            <param index="0">
              <value>
                <![CDATA[Chrome]]>
              </value>
            </param>
          </params>
          <reporter-output>
          </reporter-output>
        </test-method> <!-- setup -->
        <test-method status="PASS" signature="verifyhomepage()[pri:3, instance:com.myproject.testcases.HomePageTest@1bce4f0a]" name="verifyhomepage" duration-ms="1144" started-at="2020-10-12T17:39:28Z" finished-at="2020-10-12T17:39:29Z">
          <reporter-output>
          </reporter-output>
        </test-method> <!-- verifyhomepage -->
        <test-method status="PASS" signature="teardown()[pri:0, instance:com.myproject.testcases.HomePageTest@1bce4f0a]" name="teardown" is-config="true" duration-ms="1329" started-at="2020-10-12T17:39:29Z" finished-at="2020-10-12T17:39:31Z">
          <reporter-output>
          </reporter-output>
        </test-method> <!-- teardown -->
      </class> <!-- com.myproject.testcases.HomePageTest -->
    </test> <!-- Test -->
  </suite> <!-- Suite -->
</testng-results>
